  icode   ic inum1 inum2 inum3   subed  recmonps reccnstps  flow(m^3)   sed(t)      orgn(kg)    orgp(kg)    nitrate(kg) sol.p(kg)   sol.pst(mg) sor.pst(mg)
       1        1        1        0        0        0                         0.2142E+11  0.2023E+06  0.2363E+07  0.9390E+06  0.1102E+08  0.1146E+06  0.0000E+00  0.0000E+00
       1        2        2        0        0        0                         0.2412E+11  0.4123E+06  0.1269E+07  0.1422E+07  0.8230E+07  0.3013E+06  0.0000E+00  0.0000E+00
       1        3        3        0        0        0                         0.2121E+11  0.1895E+07  0.8790E+07  0.6360E+07  0.3730E+08  0.2413E+07  0.0000E+00  0.0000E+00
       1        4        4        0        0        0                         0.6887E+10  0.2507E+06  0.4880E+06  0.7169E+06  0.5020E+07  0.1874E+06  0.0000E+00  0.0000E+00
       1        5        5        0        0        0                         0.2863E+10  0.1132E+06  0.2322E+06  0.3398E+06  0.1580E+07  0.6732E+05  0.0000E+00  0.0000E+00
       1        6        6        0        0        0                         0.1023E+11  0.3263E+06  0.6619E+06  0.9161E+06  0.5038E+07  0.1713E+06  0.0000E+00  0.0000E+00
       1        7        7        0        0        0                         0.1752E+11  0.1022E+07  0.3814E+07  0.2894E+07  0.5867E+07  0.1750E+07  0.0000E+00  0.0000E+00
       1        8        8        0        0        0                         0.1775E+11  0.8955E+06  0.3108E+07  0.2740E+07  0.5325E+07  0.5174E+06  0.0000E+00  0.0000E+00
       1        9        9        0        0        0                         0.1552E+11  0.7844E+06  0.1853E+07  0.2169E+07  0.6850E+07  0.5763E+06  0.0000E+00  0.0000E+00
       1       10       10        0        0        0                         0.3694E+11  0.1396E+07  0.4328E+07  0.4490E+07  0.1171E+08  0.4234E+07  0.0000E+00  0.0000E+00
       1       11       11        0        0        0                         0.2211E+11  0.5226E+07  0.8363E+07  0.1127E+08  0.8012E+07  0.1675E+07  0.0000E+00  0.0000E+00
       1       12       12        0        0        0                         0.7330E+11  0.5032E+07  0.1874E+08  0.1532E+08  0.2134E+08  0.1623E+08  0.0000E+00  0.0000E+00
       1       13       13        0        0        0                         0.8471E+11  0.8320E+07  0.2489E+08  0.1931E+08  0.8961E+07  0.1336E+08  0.0000E+00  0.0000E+00
       1       14       14        0        0        0                         0.4836E+11  0.3544E+07  0.1451E+08  0.1245E+08  0.1478E+08  0.4545E+07  0.0000E+00  0.0000E+00
       1       15       15        0        0        0                         0.9426E+10  0.6065E+06  0.1425E+07  0.1866E+07  0.1361E+07  0.2036E+06  0.0000E+00  0.0000E+00
       1       16       16        0        0        0                         0.9857E+10  0.1380E+07  0.2401E+07  0.3694E+07  0.4308E+07  0.1232E+07  0.0000E+00  0.0000E+00
       1       17       17        0        0        0                         0.1416E+09  0.9818E+04  0.4558E+05  0.4283E+05  0.5471E+05  0.3858E+04  0.0000E+00  0.0000E+00
       1       18       18        0        0        0                         0.2376E+11  0.9386E+07  0.2778E+07  0.1899E+08  0.3155E+07  0.4511E+06  0.0000E+00  0.0000E+00
       1       19       19        0        0        0                         0.1952E+11  0.4209E+06  0.8586E+06  0.3310E+07  0.9512E+07  0.4358E+06  0.0000E+00  0.0000E+00
       1       20       20        0        0        0                         0.1744E+10  0.3356E+05  0.1673E+06  0.2984E+06  0.6431E+06  0.3156E+05  0.0000E+00  0.0000E+00
       1       21       21        0        0        0                         0.4543E+11  0.2482E+07  0.8218E+07  0.6468E+07  0.1977E+08  0.2506E+07  0.0000E+00  0.0000E+00
       1       22       22        0        0        0                         0.6612E+10  0.1422E+06  0.4406E+06  0.1365E+07  0.3252E+07  0.1739E+06  0.0000E+00  0.0000E+00
       1       23       23        0        0        0                         0.3810E+11  0.9823E+06  0.5347E+07  0.4260E+07  0.7963E+07  0.4523E+06  0.0000E+00  0.0000E+00
       1       24       24        0        0        0                         0.3475E+11  0.8003E+07  0.2554E+07  0.1769E+08  0.1993E+08  0.6896E+06  0.0000E+00  0.0000E+00
       1       25       25        0        0        0                         0.7575E+10  0.2616E+06  0.1047E+07  0.8504E+06  0.3007E+07  0.4562E+06  0.0000E+00  0.0000E+00
       1       26       26        0        0        0                         0.2356E+11  0.3897E+07  0.2123E+07  0.7382E+07  0.8942E+07  0.6172E+06  0.0000E+00  0.0000E+00
       1       27       27        0        0        0                         0.7863E+11  0.2250E+07  0.6800E+07  0.6511E+07  0.5765E+07  0.2490E+07  0.0000E+00  0.0000E+00
       1       28       28        0        0        0                         0.3888E+11  0.1033E+07  0.1888E+07  0.2322E+07  0.1882E+08  0.9504E+06  0.0000E+00  0.0000E+00
       1       29       29        0        0        0                         0.5762E+11  0.1498E+07  0.5343E+07  0.7947E+07  0.2383E+08  0.4775E+07  0.0000E+00  0.0000E+00
       1       30       30        0        0        0                         0.4242E+11  0.5655E+06  0.1794E+07  0.1890E+07  0.3043E+07  0.5013E+06  0.0000E+00  0.0000E+00
       1       31       31        0        0        0                         0.5079E+11  0.9636E+06  0.3528E+07  0.3103E+07  0.3623E+07  0.8991E+06  0.0000E+00  0.0000E+00
       1       32       32        0        0        0                         0.2822E+11  0.7527E+07  0.2599E+07  0.1278E+08  0.2998E+07  0.8218E+06  0.0000E+00  0.0000E+00
       1       33       33        0        0        0                         0.3771E+11  0.3600E+06  0.7223E+06  0.1260E+07  0.2718E+08  0.1561E+08  0.0000E+00  0.0000E+00
       1       34       34        0        0        0                         0.1905E+11  0.3088E+06  0.1007E+07  0.1846E+07  0.1577E+08  0.7299E+06  0.0000E+00  0.0000E+00
       1       35       35        0        0        0                         0.1411E+11  0.3813E+06  0.8051E+06  0.3206E+07  0.8176E+07  0.4375E+06  0.0000E+00  0.0000E+00
       1       36       36        0        0        0                         0.7805E+11  0.1531E+07  0.4832E+07  0.6755E+07  0.4009E+08  0.3816E+07  0.0000E+00  0.0000E+00
       1       37       37        0        0        0                         0.3329E+11  0.9359E+06  0.7171E+06  0.3157E+07  0.1166E+08  0.4352E+06  0.0000E+00  0.0000E+00
       1       38       38        0        0        0                         0.3377E+11  0.1413E+07  0.6543E+07  0.5771E+07  0.6103E+07  0.7104E+07  0.0000E+00  0.0000E+00
       1       39       39        0        0        0                         0.4109E+11  0.4089E+06  0.7538E+06  0.3400E+07  0.1921E+08  0.5774E+06  0.0000E+00  0.0000E+00
       1       40       40        0        0        0                         0.2439E+10  0.5261E+05  0.1688E+06  0.2080E+06  0.8792E+06  0.4992E+05  0.0000E+00  0.0000E+00
       1       41       41        0        0        0                         0.2586E+11  0.4536E+06  0.1063E+07  0.1856E+07  0.3663E+08  0.4113E+06  0.0000E+00  0.0000E+00
       1       42       42        0        0        0                         0.2906E+11  0.6248E+06  0.9032E+06  0.3551E+07  0.8190E+07  0.4175E+06  0.0000E+00  0.0000E+00
       1       43       43        0        0        0                         0.2380E+11  0.6656E+06  0.8187E+06  0.4281E+07  0.1377E+08  0.3688E+06  0.0000E+00  0.0000E+00
       1       44       44        0        0        0                         0.3343E+11  0.5028E+06  0.1257E+07  0.2078E+07  0.5290E+07  0.4223E+06  0.0000E+00  0.0000E+00
       1       45       45        0        0        0                         0.3057E+11  0.1688E+07  0.3960E+07  0.3735E+07  0.1272E+08  0.1037E+07  0.0000E+00  0.0000E+00
       1       46       46        0        0        0                         0.1158E+11  0.2954E+06  0.8230E+06  0.6685E+06  0.2631E+07  0.1784E+06  0.0000E+00  0.0000E+00
       1       47       47        0        0        0                         0.1860E+11  0.4262E+06  0.5489E+06  0.3447E+07  0.6374E+07  0.1709E+06  0.0000E+00  0.0000E+00
       1       48       48        0        0        0                         0.3571E+11  0.6625E+06  0.1585E+07  0.4174E+07  0.3448E+08  0.6128E+06  0.0000E+00  0.0000E+00
       1       49       49        0        0        0                         0.1260E+11  0.2246E+06  0.9272E+06  0.1382E+07  0.8466E+07  0.4863E+06  0.0000E+00  0.0000E+00
       1       50       50        0        0        0                         0.4859E+11  0.8755E+06  0.1245E+07  0.5193E+07  0.4370E+08  0.3372E+06  0.0000E+00  0.0000E+00
       1       51       51        0        0        0                         0.4843E+11  0.8054E+06  0.1187E+07  0.4494E+07  0.5912E+08  0.5103E+06  0.0000E+00  0.0000E+00
       1       52       52        0        0        0                         0.4816E+11  0.1189E+07  0.5666E+07  0.6030E+07  0.5411E+08  0.4308E+07  0.0000E+00  0.0000E+00
       1       53       53        0        0        0                         0.1428E+12  0.1289E+08  0.3351E+08  0.3476E+08  0.1694E+09  0.8735E+07  0.0000E+00  0.0000E+00
       1       54       54        0        0        0                         0.3566E+11  0.5741E+06  0.1453E+07  0.3731E+07  0.7876E+07  0.7697E+06  0.0000E+00  0.0000E+00
       1       55       55        0        0        0                         0.8060E+11  0.1457E+07  0.2735E+07  0.5650E+07  0.6394E+08  0.9872E+06  0.0000E+00  0.0000E+00
      11       56        1        0        0        0                   1p    0.0000E+00  0.0000E+00  0.0000E+00  0.0000E+00  0.0000E+00  0.0000E+00  0.0000E+00  0.0000E+00
       5       57        1       56        0        0                         0.2142E+11  0.2023E+06  0.2363E+07  0.9390E+06  0.1102E+08  0.1146E+06  0.0000E+00  0.0000E+00
       2       58        1       57        1        0                         0.2140E+11  0.1959E+06  0.1513E+07  0.5031E+06  0.1273E+08  0.2093E+06  0.0000E+00  0.0000E+00
       3       59        1       58        0        0                         0.2144E+11  0.4816E+05  0.1424E+07  0.4158E+06  0.1218E+08  0.1864E+06  0.1677E+06  0.6628E+06
      11       60        2        0        0        0                   2p    0.0000E+00  0.0000E+00  0.0000E+00  0.0000E+00  0.0000E+00  0.0000E+00  0.0000E+00  0.0000E+00
       5       61        2       60        0        0                         0.2412E+11  0.4123E+06  0.1269E+07  0.1422E+07  0.8230E+07  0.3013E+06  0.0000E+00  0.0000E+00
       2       62        2       61        2        0                         0.2408E+11  0.4123E+06  0.1016E+07  0.8368E+06  0.9092E+07  0.4424E+06  0.0000E+00  0.0000E+00
      11       63        3        0        0        0                   8p    0.0000E+00  0.0000E+00  0.0000E+00  0.0000E+00  0.0000E+00  0.0000E+00  0.0000E+00  0.0000E+00
       5       64        8       63        0        0                         0.1775E+11  0.8955E+06  0.3108E+07  0.2740E+07  0.5325E+07  0.5174E+06  0.0000E+00  0.0000E+00
       2       65        8       64        8        0                         0.1765E+11  0.4423E+06  0.2076E+07  0.1349E+07  0.5322E+07  0.1067E+07  0.0000E+00  0.0000E+00
       3       66        2       65        0        0                         0.1716E+11  0.3313E+05  0.1936E+07  0.8696E+06  0.4893E+07  0.7750E+06  0.1016E+06  0.3967E+06
       5       67        9       66        0        0                         0.3268E+11  0.8175E+06  0.3789E+07  0.3039E+07  0.1174E+08  0.1351E+07  0.1016E+06  0.3967E+06
      11       68        4        0        0        0                   9p    0.0000E+00  0.0000E+00  0.0000E+00  0.0000E+00  0.0000E+00  0.0000E+00  0.0000E+00  0.0000E+00
       5       69       67       68        0        0                         0.3268E+11  0.8175E+06  0.3789E+07  0.3039E+07  0.1174E+08  0.1351E+07  0.1016E+06  0.3967E+06
       2       70        9       69        9        0                         0.3245E+11  0.5540E+06  0.2861E+07  0.1563E+07  0.1177E+08  0.2036E+07  0.3305E+05  0.1290E+06
      11       71        5        0        0        0                  10p    0.0000E+00  0.0000E+00  0.0000E+00  0.0000E+00  0.0000E+00  0.0000E+00  0.0000E+00  0.0000E+00
       5       72       10       71        0        0                         0.3694E+11  0.1396E+07  0.4328E+07  0.4490E+07  0.1171E+08  0.4234E+07  0.0000E+00  0.0000E+00
       2       73       10       72       10        0                         0.3683E+11  0.1356E+07  0.3142E+07  0.2613E+07  0.1116E+08  0.4665E+07  0.0000E+00  0.0000E+00
       5       74       12       73        0        0                         0.1101E+12  0.6388E+07  0.2188E+08  0.1793E+08  0.3250E+08  0.2090E+08  0.0000E+00  0.0000E+00
      11       75        6        0        0        0                  12p    0.0000E+00  0.0000E+00  0.0000E+00  0.0000E+00  0.0000E+00  0.0000E+00  0.0000E+00  0.0000E+00
       5       76       74       75        0        0                         0.1101E+12  0.6388E+07  0.2188E+08  0.1793E+08  0.3250E+08  0.2090E+08  0.0000E+00  0.0000E+00
       2       77       12       76       12        0                         0.1101E+12  0.6388E+07  0.2064E+08  0.1616E+08  0.3242E+08  0.2211E+08  0.0000E+00  0.0000E+00
       3       78        3       77        0        0                         0.1107E+12  0.1494E+06  0.1934E+08  0.1052E+08  0.3026E+08  0.1493E+08  0.7206E+06  0.2511E+07
       5       79       19       78        0        0                         0.1303E+12  0.5703E+06  0.2020E+08  0.1383E+08  0.3977E+08  0.1536E+08  0.7206E+06  0.2511E+07
      11       80        7        0        0        0                  19p    0.0000E+00  0.0000E+00  0.0000E+00  0.0000E+00  0.0000E+00  0.0000E+00  0.0000E+00  0.0000E+00
       5       81       79       80        0        0                         0.1303E+12  0.5703E+06  0.2020E+08  0.1383E+08  0.3977E+08  0.1536E+08  0.7206E+06  0.2511E+07
       2       82       19       81       19        0                         0.1301E+12  0.5703E+06  0.2028E+08  0.9459E+07  0.3815E+08  0.1892E+08  0.3944E+06  0.1398E+07
       3       83        4       82        0        0                         0.1296E+12  0.1085E+07  0.1388E+08  0.5996E+07  0.2717E+08  0.1332E+08  0.5000E+06  0.1794E+07
       5       84       20       83        0        0                         0.1313E+12  0.1119E+07  0.1405E+08  0.6294E+07  0.2781E+08  0.1335E+08  0.5000E+06  0.1794E+07
      11       85        8        0        0        0                  20p    0.0000E+00  0.0000E+00  0.0000E+00  0.0000E+00  0.0000E+00  0.0000E+00  0.0000E+00  0.0000E+00
       5       86       84       85        0        0                         0.1313E+12  0.1119E+07  0.1405E+08  0.6294E+07  0.2781E+08  0.1335E+08  0.5000E+06  0.1794E+07
       2       87       20       86       20        0                         0.1311E+12  0.8728E+06  0.1436E+08  0.4428E+07  0.2694E+08  0.1551E+08  0.2842E+06  0.1083E+07
      11       88        9        0        0        0                  13p    0.0000E+00  0.0000E+00  0.0000E+00  0.0000E+00  0.0000E+00  0.0000E+00  0.0000E+00  0.0000E+00
       5       89       13       88        0        0                         0.8471E+11  0.8320E+07  0.2489E+08  0.1931E+08  0.8961E+07  0.1336E+08  0.0000E+00  0.0000E+00
       2       90       13       89       13        0                         0.8334E+11  0.3039E+07  0.1448E+08  0.7943E+07  0.1046E+08  0.2200E+08  0.0000E+00  0.0000E+00
      11       91       10        0        0        0                  21p    0.0000E+00  0.0000E+00  0.0000E+00  0.0000E+00  0.0000E+00  0.0000E+00  0.0000E+00  0.0000E+00
       5       92       21       91        0        0                         0.4543E+11  0.2482E+07  0.8218E+07  0.6468E+07  0.1977E+08  0.2506E+07  0.0000E+00  0.0000E+00
       2       93       21       92       21        0                         0.4534E+11  0.1984E+07  0.4749E+07  0.2962E+07  0.2051E+08  0.2982E+07  0.0000E+00  0.0000E+00
      11       94       11        0        0        0                  23p    0.0000E+00  0.0000E+00  0.0000E+00  0.0000E+00  0.0000E+00  0.0000E+00  0.0000E+00  0.0000E+00
       5       95       23       94        0        0                         0.3810E+11  0.9823E+06  0.5347E+07  0.4260E+07  0.7963E+07  0.4523E+06  0.0000E+00  0.0000E+00
       2       96       23       95       23        0                         0.3787E+11  0.5392E+06  0.3956E+07  0.2344E+07  0.7933E+07  0.1201E+07  0.0000E+00  0.0000E+00
      11       97       12        0        0        0                  27p    0.0000E+00  0.0000E+00  0.0000E+00  0.0000E+00  0.0000E+00  0.0000E+00  0.0000E+00  0.0000E+00
       5       98       27       97        0        0                         0.7863E+11  0.2250E+07  0.6800E+07  0.6511E+07  0.5765E+07  0.2490E+07  0.0000E+00  0.0000E+00
       2       99       27       98       27        0                         0.7843E+11  0.2250E+07  0.4078E+07  0.2966E+07  0.5733E+07  0.3371E+07  0.0000E+00  0.0000E+00
      11      100       13        0        0        0                  30p    0.0000E+00  0.0000E+00  0.0000E+00  0.0000E+00  0.0000E+00  0.0000E+00  0.0000E+00  0.0000E+00
       5      101       30      100        0        0                         0.4242E+11  0.5655E+06  0.1794E+07  0.1890E+07  0.3043E+07  0.5013E+06  0.0000E+00  0.0000E+00
       2      102       30      101       30        0                         0.4240E+11  0.5463E+06  0.1035E+07  0.8898E+06  0.3088E+07  0.5963E+06  0.0000E+00  0.0000E+00
       5      103       31      102        0        0                         0.9319E+11  0.1510E+07  0.4562E+07  0.3992E+07  0.6711E+07  0.1495E+07  0.0000E+00  0.0000E+00
      11      104       14        0        0        0                  31p    0.0000E+00  0.0000E+00  0.0000E+00  0.0000E+00  0.0000E+00  0.0000E+00  0.0000E+00  0.0000E+00
       5      105      103      104        0        0                         0.9319E+11  0.1510E+07  0.4562E+07  0.3992E+07  0.6711E+07  0.1495E+07  0.0000E+00  0.0000E+00
       2      106       31      105       31        0                         0.9301E+11  0.1447E+07  0.1262E+07  0.1084E+07  0.6354E+07  0.1049E+07  0.0000E+00  0.0000E+00
       3      107        5      106        0        0                         0.9332E+11  0.3167E+06  0.1221E+07  0.9915E+06  0.6117E+07  0.9524E+06  0.6579E+06  0.2584E+07
       5      108       32      107        0        0                         0.1215E+12  0.7843E+07  0.3820E+07  0.1377E+08  0.9115E+07  0.1774E+07  0.6579E+06  0.2584E+07
      11      109       15        0        0        0                  32p    0.0000E+00  0.0000E+00  0.0000E+00  0.0000E+00  0.0000E+00  0.0000E+00  0.0000E+00  0.0000E+00
       5      110      108      109        0        0                         0.1215E+12  0.7843E+07  0.3820E+07  0.1377E+08  0.9115E+07  0.1774E+07  0.6579E+06  0.2584E+07
       2      111       32      110       32        0                         0.1199E+12  0.7843E+07  0.2570E+07  0.5734E+07  0.8852E+07  0.2693E+07  0.9462E+05  0.3691E+06
       5      112       26      111        0        0                         0.1435E+12  0.1174E+08  0.4693E+07  0.1312E+08  0.1779E+08  0.3310E+07  0.9462E+05  0.3691E+06
      11      113       16        0        0        0                  26p    0.0000E+00  0.0000E+00  0.0000E+00  0.0000E+00  0.0000E+00  0.0000E+00  0.0000E+00  0.0000E+00
       5      114      112      113        0        0                         0.1435E+12  0.1174E+08  0.4693E+07  0.1312E+08  0.1779E+08  0.3310E+07  0.9462E+05  0.3691E+06
       2      115       26      114       26        0                         0.1418E+12  0.1174E+08  0.2602E+07  0.5739E+07  0.1708E+08  0.5007E+07  0.2345E+05  0.9177E+05
       3      116        6      115        0        0                         0.1428E+12  0.1428E+06  0.2549E+07  0.4963E+07  0.1672E+08  0.4391E+07  0.9402E+04  0.9358E+04
      11      117       17        0        0        0                  34p    0.0000E+00  0.0000E+00  0.0000E+00  0.0000E+00  0.0000E+00  0.0000E+00  0.0000E+00  0.0000E+00
       5      118       34      117        0        0                         0.1905E+11  0.3088E+06  0.1007E+07  0.1846E+07  0.1577E+08  0.7299E+06  0.0000E+00  0.0000E+00
       2      119       34      118       34        0                         0.1904E+11  0.3088E+06  0.9866E+06  0.1785E+07  0.1577E+08  0.7797E+06  0.0000E+00  0.0000E+00
       3      120        7      119        0        0                         0.1842E+11  0.6788E+05  0.9503E+06  0.1380E+07  0.1523E+08  0.6302E+06  0.5560E+05  0.2128E+06
       5      121       33      120        0        0                         0.5613E+11  0.4278E+06  0.1673E+07  0.2640E+07  0.4241E+08  0.1624E+08  0.5560E+05  0.2128E+06
      11      122       18        0        0        0                  33p    0.0000E+00  0.0000E+00  0.0000E+00  0.0000E+00  0.0000E+00  0.0000E+00  0.0000E+00  0.0000E+00
       5      123      121      122        0        0                         0.5613E+11  0.4278E+06  0.1673E+07  0.2640E+07  0.4241E+08  0.1624E+08  0.5560E+05  0.2128E+06
       2      124       33      123       33        0                         0.5553E+11  0.3169E+06  0.1545E+07  0.1462E+07  0.4238E+08  0.1661E+08  0.1388E+05  0.5298E+05
       5      125       29      124        0        0                         0.1131E+12  0.1815E+07  0.6889E+07  0.9409E+07  0.6621E+08  0.2139E+08  0.1388E+05  0.5298E+05
      11      126       19        0        0        0                  29p    0.0000E+00  0.0000E+00  0.0000E+00  0.0000E+00  0.0000E+00  0.0000E+00  0.0000E+00  0.0000E+00
       5      127      125      126        0        0                         0.1131E+12  0.1815E+07  0.6889E+07  0.9409E+07  0.6621E+08  0.2139E+08  0.1388E+05  0.5298E+05
       2      128       29      127       29        0                         0.1130E+12  0.1815E+07  0.4372E+07  0.4807E+07  0.6841E+08  0.2264E+08  0.5642E+04  0.2161E+05
      11      129       20        0        0        0                  38p    0.0000E+00  0.0000E+00  0.0000E+00  0.0000E+00  0.0000E+00  0.0000E+00  0.0000E+00  0.0000E+00
       5      130       38      129        0        0                         0.3377E+11  0.1413E+07  0.6543E+07  0.5771E+07  0.6103E+07  0.7104E+07  0.0000E+00  0.0000E+00
       2      131       38      130       38        0                         0.3363E+11  0.1410E+07  0.3936E+07  0.2694E+07  0.7092E+07  0.6406E+07  0.0000E+00  0.0000E+00
      11      132       21        0        0        0                  39p    0.0000E+00  0.0000E+00  0.0000E+00  0.0000E+00  0.0000E+00  0.0000E+00  0.0000E+00  0.0000E+00
       5      133       39      132        0        0                         0.4109E+11  0.4089E+06  0.7538E+06  0.3400E+07  0.1921E+08  0.5774E+06  0.0000E+00  0.0000E+00
       2      134       39      133       39        0                         0.4106E+11  0.4089E+06  0.5615E+06  0.1897E+07  0.1987E+08  0.8532E+06  0.0000E+00  0.0000E+00
       3      135        8      134        0        0                         0.4128E+11  0.1770E+06  0.4654E+06  0.1540E+07  0.1799E+08  0.7292E+06  0.2497E+06  0.1005E+07
      11      136       22        0        0        0                  41p    0.0000E+00  0.0000E+00  0.0000E+00  0.0000E+00  0.0000E+00  0.0000E+00  0.0000E+00  0.0000E+00
       5      137       41      136        0        0                         0.2586E+11  0.4536E+06  0.1063E+07  0.1856E+07  0.3663E+08  0.4113E+06  0.0000E+00  0.0000E+00
       2      138       41      137       41        0                         0.2584E+11  0.4218E+06  0.6591E+06  0.9374E+06  0.3769E+08  0.6346E+06  0.0000E+00  0.0000E+00
       3      139        9      138        0        0                         0.2603E+11  0.4212E+05  0.6185E+06  0.6055E+06  0.3486E+08  0.4448E+06  0.2271E+06  0.9040E+06
       5      140       48      139        0        0                         0.6173E+11  0.7046E+06  0.2204E+07  0.4780E+07  0.6935E+08  0.1058E+07  0.2271E+06  0.9040E+06
      11      141       23        0        0        0                  48p    0.0000E+00  0.0000E+00  0.0000E+00  0.0000E+00  0.0000E+00  0.0000E+00  0.0000E+00  0.0000E+00
       5      142      140      141        0        0                         0.6173E+11  0.7046E+06  0.2204E+07  0.4780E+07  0.6935E+08  0.1058E+07  0.2271E+06  0.9040E+06
       2      143       48      142       48        0                         0.6159E+11  0.7046E+06  0.1713E+07  0.2588E+07  0.7074E+08  0.1563E+07  0.1122E+06  0.4473E+06
       5      144       52      143        0        0                         0.1098E+12  0.1894E+07  0.7379E+07  0.8618E+07  0.1249E+09  0.5871E+07  0.1122E+06  0.4473E+06
      11      145       24        0        0        0                  52p    0.0000E+00  0.0000E+00  0.0000E+00  0.0000E+00  0.0000E+00  0.0000E+00  0.0000E+00  0.0000E+00
       5      146      144      145        0        0                         0.1098E+12  0.1894E+07  0.7379E+07  0.8618E+07  0.1249E+09  0.5871E+07  0.1122E+06  0.4473E+06
       2      147       52      146       52        0                         0.1097E+12  0.1894E+07  0.4628E+07  0.4480E+07  0.1302E+09  0.6420E+07  0.6971E+05  0.2781E+06
      11      148       25        0        0        0                  44p    0.0000E+00  0.0000E+00  0.0000E+00  0.0000E+00  0.0000E+00  0.0000E+00  0.0000E+00  0.0000E+00
       5      149       44      148        0        0                         0.3343E+11  0.5028E+06  0.1257E+07  0.2078E+07  0.5290E+07  0.4223E+06  0.0000E+00  0.0000E+00
       2      150       44      149       44        0                         0.3340E+11  0.5023E+06  0.6376E+06  0.8855E+06  0.5455E+07  0.4613E+06  0.0000E+00  0.0000E+00
       3      151       10      150        0        0                         0.3422E+11  0.1416E+07  0.5932E+06  0.7952E+06  0.4864E+07  0.3981E+06  0.8398E+05  0.3843E+06
       5      152       40      151        0        0                         0.3666E+11  0.1468E+07  0.7619E+06  0.1003E+07  0.5743E+07  0.4480E+06  0.8398E+05  0.3843E+06
      11      153       26        0        0        0                  40p    0.0000E+00  0.0000E+00  0.0000E+00  0.0000E+00  0.0000E+00  0.0000E+00  0.0000E+00  0.0000E+00
       5      154      152      153        0        0                         0.3666E+11  0.1468E+07  0.7619E+06  0.1003E+07  0.5743E+07  0.4480E+06  0.8398E+05  0.3843E+06
       2      155       40      154       40        0                         0.3662E+11  0.1467E+07  0.8117E+06  0.6916E+06  0.5811E+07  0.5876E+06  0.2082E+05  0.1008E+06
      11      156       27        0        0        0                  45p    0.0000E+00  0.0000E+00  0.0000E+00  0.0000E+00  0.0000E+00  0.0000E+00  0.0000E+00  0.0000E+00
       5      157       45      156        0        0                         0.3057E+11  0.1688E+07  0.3960E+07  0.3735E+07  0.1272E+08  0.1037E+07  0.0000E+00  0.0000E+00
       2      158       45      157       45        0                         0.3054E+11  0.1585E+07  0.1664E+07  0.1329E+07  0.1338E+08  0.8815E+06  0.0000E+00  0.0000E+00
      11      159       28        0        0        0                  54p    0.0000E+00  0.0000E+00  0.0000E+00  0.0000E+00  0.0000E+00  0.0000E+00  0.0000E+00  0.0000E+00
       5      160       54      159        0        0                         0.3566E+11  0.5741E+06  0.1453E+07  0.3731E+07  0.7876E+07  0.7697E+06  0.0000E+00  0.0000E+00
       2      161       54      160       54        0                         0.3563E+11  0.5741E+06  0.1109E+07  0.2391E+07  0.7976E+07  0.1400E+07  0.0000E+00  0.0000E+00
       5      162       22       87        0        0                         0.1377E+12  0.1015E+07  0.1480E+08  0.5793E+07  0.3019E+08  0.1569E+08  0.2842E+06  0.1083E+07
       5      163      162       93        0        0                         0.1830E+12  0.2999E+07  0.1955E+08  0.8755E+07  0.5070E+08  0.1867E+08  0.2842E+06  0.1083E+07
      11      164       29        0        0        0                  22p    0.0000E+00  0.0000E+00  0.0000E+00  0.0000E+00  0.0000E+00  0.0000E+00  0.0000E+00  0.0000E+00
       5      165      163      164        0        0                         0.1830E+12  0.2999E+07  0.1955E+08  0.8755E+07  0.5070E+08  0.1867E+08  0.2842E+06  0.1083E+07
       2      166       22      165       22        0                         0.1827E+12  0.2522E+07  0.1543E+08  0.5399E+07  0.5070E+08  0.2128E+08  0.1707E+06  0.6586E+06
       5      167       15       90        0        0                         0.9276E+11  0.3645E+07  0.1591E+08  0.9809E+07  0.1182E+08  0.2220E+08  0.0000E+00  0.0000E+00
       5      168      167       96        0        0                         0.1306E+12  0.4184E+07  0.1986E+08  0.1215E+08  0.1975E+08  0.2341E+08  0.0000E+00  0.0000E+00
       5      169      168       99        0        0                         0.2091E+12  0.6435E+07  0.2394E+08  0.1512E+08  0.2548E+08  0.2678E+08  0.0000E+00  0.0000E+00
      11      170       30        0        0        0                  15p    0.0000E+00  0.0000E+00  0.0000E+00  0.0000E+00  0.0000E+00  0.0000E+00  0.0000E+00  0.0000E+00
       5      171      169      170        0        0                         0.2091E+12  0.6435E+07  0.2394E+08  0.1512E+08  0.2548E+08  0.2678E+08  0.0000E+00  0.0000E+00
       2      172       15      171       15        0                         0.2089E+12  0.6435E+07  0.1684E+08  0.8491E+07  0.2662E+08  0.2885E+08  0.0000E+00  0.0000E+00
       3      173       11      172        0        0                         0.2077E+12  0.2868E+06  0.1388E+08  0.5919E+07  0.2468E+08  0.2304E+08  0.3537E+06  0.1422E+07
       5      174       18      173        0        0                         0.2315E+12  0.9673E+07  0.1666E+08  0.2491E+08  0.2783E+08  0.2349E+08  0.3537E+06  0.1422E+07
      11      175       31        0        0        0                  18p    0.0000E+00  0.0000E+00  0.0000E+00  0.0000E+00  0.0000E+00  0.0000E+00  0.0000E+00  0.0000E+00
       5      176      174      175        0        0                         0.2315E+12  0.9673E+07  0.1666E+08  0.2491E+08  0.2783E+08  0.2349E+08  0.3537E+06  0.1422E+07
       2      177       18      176       18        0                         0.2313E+12  0.9673E+07  0.1846E+08  0.1504E+08  0.2655E+08  0.2746E+08  0.1739E+06  0.6977E+06
       5      178       37      135        0        0                         0.7457E+11  0.1113E+07  0.1183E+07  0.4697E+07  0.2965E+08  0.1164E+07  0.2497E+06  0.1005E+07
       5      179      178      155        0        0                         0.1112E+12  0.2580E+07  0.1994E+07  0.5388E+07  0.3546E+08  0.1752E+07  0.2705E+06  0.1106E+07
      11      180       32        0        0        0                  37p    0.0000E+00  0.0000E+00  0.0000E+00  0.0000E+00  0.0000E+00  0.0000E+00  0.0000E+00  0.0000E+00
       5      181      179      180        0        0                         0.1112E+12  0.2580E+07  0.1994E+07  0.5388E+07  0.3546E+08  0.1752E+07  0.2705E+06  0.1106E+07
       2      182       37      181       37        0                         0.1111E+12  0.2580E+07  0.2086E+07  0.3502E+07  0.3565E+08  0.2878E+07  0.1141E+06  0.4673E+06
       5      183       35      182        0        0                         0.1252E+12  0.2962E+07  0.2891E+07  0.6707E+07  0.4382E+08  0.3315E+07  0.1141E+06  0.4673E+06
      11      184       33        0        0        0                  35p    0.0000E+00  0.0000E+00  0.0000E+00  0.0000E+00  0.0000E+00  0.0000E+00  0.0000E+00  0.0000E+00
       5      185      183      184        0        0                         0.1252E+12  0.2962E+07  0.2891E+07  0.6707E+07  0.4382E+08  0.3315E+07  0.1141E+06  0.4673E+06
       2      186       35      185       35        0                         0.1252E+12  0.2962E+07  0.2297E+07  0.4286E+07  0.4423E+08  0.4823E+07  0.7280E+05  0.2975E+06
       5      187        6       59        0        0                         0.3167E+11  0.3745E+06  0.2086E+07  0.1332E+07  0.1722E+08  0.3577E+06  0.1677E+06  0.6628E+06
       5      188      187       70        0        0                         0.6412E+11  0.9284E+06  0.4946E+07  0.2895E+07  0.2898E+08  0.2394E+07  0.2007E+06  0.7918E+06
      11      189       34        0        0        0                   6p    0.0000E+00  0.0000E+00  0.0000E+00  0.0000E+00  0.0000E+00  0.0000E+00  0.0000E+00  0.0000E+00
       5      190      188      189        0        0                         0.6412E+11  0.9284E+06  0.4946E+07  0.2895E+07  0.2898E+08  0.2394E+07  0.2007E+06  0.7918E+06
       2      191        6      190        6        0                         0.6406E+11  0.9223E+06  0.3971E+07  0.1769E+07  0.2941E+08  0.2967E+07  0.4487E+05  0.1767E+06
       3      192       12      191        0        0                         0.6487E+11  0.2199E+06  0.3885E+07  0.1619E+07  0.2877E+08  0.2720E+07  0.1734E+06  0.7107E+06
       5      193        5      192        0        0                         0.6774E+11  0.3331E+06  0.4117E+07  0.1959E+07  0.3035E+08  0.2788E+07  0.1734E+06  0.7107E+06
      11      194       35        0        0        0                   5p    0.0000E+00  0.0000E+00  0.0000E+00  0.0000E+00  0.0000E+00  0.0000E+00  0.0000E+00  0.0000E+00
       5      195      193      194        0        0                         0.6774E+11  0.3331E+06  0.4117E+07  0.1959E+07  0.3035E+08  0.2788E+07  0.1734E+06  0.7107E+06
       2      196        5      195        5        0                         0.6769E+11  0.3299E+06  0.4182E+07  0.1573E+07  0.3009E+08  0.3148E+07  0.6081E+05  0.2553E+06
       3      197       13      196        0        0                         0.5178E+11  0.6154E+06  0.1140E+07  0.3893E+06  0.1154E+08  0.9682E+06  0.7971E+05  0.2896E+06
       5      198        4      197        0        0                         0.5866E+11  0.8661E+06  0.1628E+07  0.1106E+07  0.1656E+08  0.1156E+07  0.7971E+05  0.2896E+06
      11      199       36        0        0        0                   4p    0.0000E+00  0.0000E+00  0.0000E+00  0.0000E+00  0.0000E+00  0.0000E+00  0.0000E+00  0.0000E+00
       5      200      198      199        0        0                         0.5866E+11  0.8661E+06  0.1628E+07  0.1106E+07  0.1656E+08  0.1156E+07  0.7971E+05  0.2896E+06
       2      201        4      200        4        0                         0.5862E+11  0.8572E+06  0.1614E+07  0.8219E+06  0.1661E+08  0.1310E+07  0.2841E+05  0.1066E+06
       5      202       25      128        0        0                         0.1206E+12  0.2077E+07  0.5419E+07  0.5657E+07  0.7142E+08  0.2310E+08  0.5642E+04  0.2161E+05
       5      203      202      131        0        0                         0.1542E+12  0.3487E+07  0.9356E+07  0.8351E+07  0.7851E+08  0.2950E+08  0.5642E+04  0.2161E+05
      11      204       37        0        0        0                  25p    0.0000E+00  0.0000E+00  0.0000E+00  0.0000E+00  0.0000E+00  0.0000E+00  0.0000E+00  0.0000E+00
       5      205      203      204        0        0                         0.1542E+12  0.3487E+07  0.9356E+07  0.8351E+07  0.7851E+08  0.2950E+08  0.5642E+04  0.2161E+05
       2      206       25      205       25        0                         0.1541E+12  0.3471E+07  0.6811E+07  0.5029E+07  0.7999E+08  0.3015E+08  0.2758E+04  0.1059E+05
       5      207       11       62        0        0                         0.4618E+11  0.5638E+07  0.9379E+07  0.1210E+08  0.1710E+08  0.2117E+07  0.0000E+00  0.0000E+00
       5      208      207      201        0        0                         0.1048E+12  0.6495E+07  0.1099E+08  0.1293E+08  0.3371E+08  0.3427E+07  0.2841E+05  0.1066E+06
      11      209       38        0        0        0                  11p    0.0000E+00  0.0000E+00  0.0000E+00  0.0000E+00  0.0000E+00  0.0000E+00  0.0000E+00  0.0000E+00
       5      210      208      209        0        0                         0.1048E+12  0.6495E+07  0.1099E+08  0.1293E+08  0.3371E+08  0.3427E+07  0.2841E+05  0.1066E+06
       2      211       11      210       11        0                         0.1045E+12  0.6495E+07  0.7514E+07  0.6989E+07  0.3420E+08  0.5012E+07  0.1377E+05  0.5328E+05
       3      212       14      211        0        0                         0.1205E+12  0.7909E+06  0.7020E+07  0.5986E+07  0.3065E+08  0.4276E+07  0.6620E+06  0.2529E+07
       5      213       16      212        0        0                         0.1304E+12  0.2171E+07  0.9421E+07  0.9680E+07  0.3496E+08  0.5508E+07  0.6620E+06  0.2529E+07
      11      214       39        0        0        0                  16p    0.0000E+00  0.0000E+00  0.0000E+00  0.0000E+00  0.0000E+00  0.0000E+00  0.0000E+00  0.0000E+00
       5      215      213      214        0        0                         0.1304E+12  0.2171E+07  0.9421E+07  0.9680E+07  0.3496E+08  0.5508E+07  0.6620E+06  0.2529E+07
       2      216       16      215       16        0                         0.1302E+12  0.2171E+07  0.9185E+07  0.6496E+07  0.3443E+08  0.7486E+07  0.4070E+06  0.1559E+07
       5      217       17      216        0        0                         0.1303E+12  0.2181E+07  0.9230E+07  0.6539E+07  0.3449E+08  0.7490E+07  0.4070E+06  0.1559E+07
       5      218      217      177        0        0                         0.3616E+12  0.1185E+08  0.2769E+08  0.2158E+08  0.6104E+08  0.3495E+08  0.5810E+06  0.2257E+07
      11      219       40        0        0        0                  17p    0.0000E+00  0.0000E+00  0.0000E+00  0.0000E+00  0.0000E+00  0.0000E+00  0.0000E+00  0.0000E+00
       5      220      218      219        0        0                         0.3616E+12  0.1185E+08  0.2769E+08  0.2158E+08  0.6104E+08  0.3495E+08  0.5810E+06  0.2257E+07
       2      221       17      220       17        0                         0.3616E+12  0.1185E+08  0.2689E+08  0.2020E+08  0.6096E+08  0.3601E+08  0.3944E+06  0.1534E+07
       5      222       24      221        0        0                         0.3963E+12  0.1986E+08  0.2944E+08  0.3789E+08  0.8089E+08  0.3670E+08  0.3944E+06  0.1534E+07
      11      223       41        0        0        0                  24p    0.0000E+00  0.0000E+00  0.0000E+00  0.0000E+00  0.0000E+00  0.0000E+00  0.0000E+00  0.0000E+00
       5      224      222      223        0        0                         0.3963E+12  0.1986E+08  0.2944E+08  0.3789E+08  0.8089E+08  0.3670E+08  0.3944E+06  0.1534E+07
       2      225       24      224       24        0                         0.3957E+12  0.1723E+08  0.2375E+08  0.2156E+08  0.8055E+08  0.4597E+08  0.2017E+06  0.7825E+06
       3      226       15      225        0        0                         0.3956E+12  0.6095E+07  0.1179E+08  0.8067E+07  0.5095E+08  0.2303E+08  0.6562E+06  0.2529E+07
       5      227       28      166        0        0                         0.2216E+12  0.3555E+07  0.1732E+08  0.7721E+07  0.6952E+08  0.2223E+08  0.1707E+06  0.6586E+06
       5      228      227      226        0        0                         0.6172E+12  0.9650E+07  0.2911E+08  0.1579E+08  0.1205E+09  0.4527E+08  0.8268E+06  0.3188E+07
       5      229      228      116        0        0                         0.7600E+12  0.9792E+07  0.3166E+08  0.2075E+08  0.1372E+09  0.4966E+08  0.8362E+06  0.3197E+07
      11      230       42        0        0        0                  28p    0.0000E+00  0.0000E+00  0.0000E+00  0.0000E+00  0.0000E+00  0.0000E+00  0.0000E+00  0.0000E+00
       5      231      229      230        0        0                         0.7600E+12  0.9792E+07  0.3166E+08  0.2075E+08  0.1372E+09  0.4966E+08  0.8362E+06  0.3197E+07
       2      232       28      231       28        0                         0.7590E+12  0.8091E+07  0.3329E+08  0.1431E+08  0.1350E+09  0.5530E+08  0.3667E+06  0.1400E+07
       3      233       16      232        0        0                         0.7584E+12  0.2057E+07  0.3050E+08  0.1214E+08  0.1237E+09  0.4826E+08  0.1619E+07  0.6408E+07
       5      234       42      233        0        0                         0.7874E+12  0.2682E+07  0.3140E+08  0.1569E+08  0.1318E+09  0.4868E+08  0.1619E+07  0.6408E+07
       5      235      234      186        0        0                         0.9126E+12  0.5644E+07  0.3370E+08  0.1998E+08  0.1761E+09  0.5350E+08  0.1692E+07  0.6706E+07
      11      236       43        0        0        0                  42p    0.0000E+00  0.0000E+00  0.0000E+00  0.0000E+00  0.0000E+00  0.0000E+00  0.0000E+00  0.0000E+00
       5      237      235      236        0        0                         0.9126E+12  0.5644E+07  0.3370E+08  0.1998E+08  0.1761E+09  0.5350E+08  0.1692E+07  0.6706E+07
       2      238       42      237       42        0                         0.9118E+12  0.5644E+07  0.4023E+08  0.1532E+08  0.1750E+09  0.5830E+08  0.1017E+07  0.4044E+07
       3      239       17      238        0        0                         0.9160E+12  0.4151E+07  0.3693E+08  0.1251E+08  0.1585E+09  0.5103E+08  0.1662E+07  0.6535E+07
       5      240       43      239        0        0                         0.9398E+12  0.4816E+07  0.3774E+08  0.1679E+08  0.1723E+09  0.5140E+08  0.1662E+07  0.6535E+07
      11      241       44        0        0        0                  43p    0.0000E+00  0.0000E+00  0.0000E+00  0.0000E+00  0.0000E+00  0.0000E+00  0.0000E+00  0.0000E+00
       5      242      240      241        0        0                         0.9398E+12  0.4816E+07  0.3774E+08  0.1679E+08  0.1723E+09  0.5140E+08  0.1662E+07  0.6535E+07
       2      243       43      242       43        0                         0.9396E+12  0.4815E+07  0.4001E+08  0.1572E+08  0.1712E+09  0.5284E+08  0.1117E+07  0.4423E+07
       5      244       47      243        0        0                         0.9582E+12  0.5241E+07  0.4056E+08  0.1917E+08  0.1776E+09  0.5301E+08  0.1117E+07  0.4423E+07
      11      245       45        0        0        0                  47p    0.0000E+00  0.0000E+00  0.0000E+00  0.0000E+00  0.0000E+00  0.0000E+00  0.0000E+00  0.0000E+00
       5      246      244      245        0        0                         0.9582E+12  0.5241E+07  0.4056E+08  0.1917E+08  0.1776E+09  0.5301E+08  0.1117E+07  0.4423E+07
       2      247       47      246       47        0                         0.9573E+12  0.5187E+07  0.4260E+08  0.1393E+08  0.1770E+09  0.5790E+08  0.6474E+06  0.2540E+07
       3      248       18      247        0        0                         0.9577E+12  0.1459E+08  0.4060E+08  0.1228E+08  0.1688E+09  0.5394E+08  0.1025E+07  0.4065E+07
       5      249       46      158        0        0                         0.4211E+11  0.1881E+07  0.2487E+07  0.1998E+07  0.1601E+08  0.1060E+07  0.0000E+00  0.0000E+00
       5      250      249      248        0        0                         0.9998E+12  0.1647E+08  0.4308E+08  0.1428E+08  0.1848E+09  0.5500E+08  0.1025E+07  0.4065E+07
      11      251       46        0        0        0                  46p    0.0000E+00  0.0000E+00  0.0000E+00  0.0000E+00  0.0000E+00  0.0000E+00  0.0000E+00  0.0000E+00
       5      252      250      251        0        0                         0.9998E+12  0.1647E+08  0.4308E+08  0.1428E+08  0.1848E+09  0.5500E+08  0.1025E+07  0.4065E+07
       2      253       46      252       46        0                         0.9994E+12  0.1619E+08  0.4652E+08  0.1317E+08  0.1828E+09  0.5692E+08  0.6678E+06  0.2656E+07
       5      254       55      253        0        0                         0.1080E+13  0.1765E+08  0.4926E+08  0.1882E+08  0.2468E+09  0.5791E+08  0.6678E+06  0.2656E+07
      11      255       47        0        0        0                  55p    0.0000E+00  0.0000E+00  0.0000E+00  0.0000E+00  0.0000E+00  0.0000E+00  0.0000E+00  0.0000E+00
       5      256      254      255        0        0                         0.1080E+13  0.1765E+08  0.4926E+08  0.1882E+08  0.2468E+09  0.5791E+08  0.6678E+06  0.2656E+07
       2      257       55      256       55        0                         0.1079E+13  0.1377E+08  0.4634E+08  0.1296E+08  0.2471E+09  0.6276E+08  0.3595E+06  0.1420E+07
       3      258       19      257        0        0                         0.1081E+13  0.3406E+08  0.4292E+08  0.1067E+08  0.2153E+09  0.5444E+08  0.1749E+07  0.6991E+07
       5      259       53      147        0        0                         0.2524E+12  0.1479E+08  0.3814E+08  0.3924E+08  0.2996E+09  0.1516E+08  0.6971E+05  0.2781E+06
       5      260      259      258        0        0                         0.1334E+13  0.4885E+08  0.8106E+08  0.4991E+08  0.5150E+09  0.6960E+08  0.1818E+07  0.7269E+07
      11      261       48        0        0        0                  53p    0.0000E+00  0.0000E+00  0.0000E+00  0.0000E+00  0.0000E+00  0.0000E+00  0.0000E+00  0.0000E+00
       5      262      260      261        0        0                         0.1334E+13  0.4885E+08  0.8106E+08  0.4991E+08  0.5150E+09  0.6960E+08  0.1818E+07  0.7269E+07
       2      263       53      262       53        0                         0.1332E+13  0.4885E+08  0.7683E+08  0.3344E+08  0.5203E+09  0.8096E+08  0.1194E+07  0.4767E+07
       3      264       20      263        0        0                         0.1361E+13  0.6827E+09  0.7329E+08  0.2971E+08  0.4803E+09  0.7371E+08  0.2372E+07  0.9394E+07
       5      265       51      264        0        0                         0.1410E+13  0.6835E+09  0.7447E+08  0.3420E+08  0.5394E+09  0.7422E+08  0.2372E+07  0.9394E+07
      11      266       49        0        0        0                  51p    0.0000E+00  0.0000E+00  0.0000E+00  0.0000E+00  0.0000E+00  0.0000E+00  0.0000E+00  0.0000E+00
       5      267      265      266        0        0                         0.1410E+13  0.6835E+09  0.7447E+08  0.3420E+08  0.5394E+09  0.7422E+08  0.2372E+07  0.9394E+07
       2      268       51      267       51        0                         0.1409E+13  0.6833E+09  0.7900E+08  0.3015E+08  0.5351E+09  0.7890E+08  0.1360E+07  0.5421E+07
       3      269       21      268        0        0                         0.1410E+13  0.1356E+08  0.7632E+08  0.2817E+08  0.5197E+09  0.7489E+08  0.2271E+07  0.9048E+07
       5      270       50      269        0        0                         0.1458E+13  0.1443E+08  0.7756E+08  0.3336E+08  0.5634E+09  0.7523E+08  0.2271E+07  0.9048E+07
       5      271      270      161        0        0                         0.1494E+13  0.1501E+08  0.7867E+08  0.3575E+08  0.5714E+09  0.7663E+08  0.2271E+07  0.9048E+07
      11      272       50        0        0        0                  50p    0.0000E+00  0.0000E+00  0.0000E+00  0.0000E+00  0.0000E+00  0.0000E+00  0.0000E+00  0.0000E+00
       5      273      271      272        0        0                         0.1494E+13  0.1501E+08  0.7867E+08  0.3575E+08  0.5714E+09  0.7663E+08  0.2271E+07  0.9048E+07
       2      274       50      273       50        0                         0.1493E+13  0.1380E+08  0.8436E+08  0.2747E+08  0.5659E+09  0.8532E+08  0.1305E+07  0.5223E+07
       3      275       22      274        0        0                         0.1495E+13  0.1002E+08  0.8269E+08  0.2602E+08  0.5496E+09  0.8068E+08  0.2472E+07  0.9457E+07
       5      276       49      275        0        0                         0.1507E+13  0.1024E+08  0.8362E+08  0.2740E+08  0.5581E+09  0.8117E+08  0.2472E+07  0.9457E+07
      11      277       51        0        0        0                  49p    0.0000E+00  0.0000E+00  0.0000E+00  0.0000E+00  0.0000E+00  0.0000E+00  0.0000E+00  0.0000E+00
       5      278      276      277        0        0                         0.1507E+13  0.1024E+08  0.8362E+08  0.2740E+08  0.5581E+09  0.8117E+08  0.2472E+07  0.9457E+07
       2      279       49      278       49        0                         0.1506E+13  0.7175E+07  0.8422E+08  0.2090E+08  0.5562E+09  0.8963E+08  0.1455E+07  0.5570E+07
       5      280       36      279        0        0                         0.1584E+13  0.8706E+07  0.8905E+08  0.2766E+08  0.5963E+09  0.9345E+08  0.1455E+07  0.5570E+07
      11      281       52        0        0        0                  36p    0.0000E+00  0.0000E+00  0.0000E+00  0.0000E+00  0.0000E+00  0.0000E+00  0.0000E+00  0.0000E+00
       5      282      280      281        0        0                         0.1584E+13  0.8706E+07  0.8905E+08  0.2766E+08  0.5963E+09  0.9345E+08  0.1455E+07  0.5570E+07
       2      283       36      282       36        0                         0.1574E+13  0.5382E+07  0.6641E+08  0.1592E+08  0.6134E+09  0.1032E+09  0.7187E+06  0.2754E+07
       5      284       14      206        0        0                         0.2025E+12  0.7015E+07  0.2132E+08  0.1748E+08  0.9477E+08  0.3470E+08  0.2758E+04  0.1059E+05
       5      285      284      283        0        0                         0.1777E+13  0.1240E+08  0.8773E+08  0.3340E+08  0.7082E+09  0.1379E+09  0.7215E+06  0.2765E+07
      11      286       53        0        0        0                  14p    0.0000E+00  0.0000E+00  0.0000E+00  0.0000E+00  0.0000E+00  0.0000E+00  0.0000E+00  0.0000E+00
       5      287      285      286        0        0                         0.1777E+13  0.1240E+08  0.8773E+08  0.3340E+08  0.7082E+09  0.1379E+09  0.7215E+06  0.2765E+07
       2      288       14      287       14        0                         0.1776E+13  0.1240E+08  0.7013E+08  0.2196E+08  0.7289E+09  0.1453E+09  0.4454E+06  0.1705E+07
       5      289        7      288        0        0                         0.1794E+13  0.1342E+08  0.7395E+08  0.2486E+08  0.7348E+09  0.1470E+09  0.4454E+06  0.1705E+07
      11      290       54        0        0        0                   7p    0.0000E+00  0.0000E+00  0.0000E+00  0.0000E+00  0.0000E+00  0.0000E+00  0.0000E+00  0.0000E+00
       5      291      289      290        0        0                         0.1794E+13  0.1342E+08  0.7395E+08  0.2486E+08  0.7348E+09  0.1470E+09  0.4454E+06  0.1705E+07
       2      292        7      291        7        0                         0.1792E+13  0.1310E+08  0.5871E+08  0.1646E+08  0.7560E+09  0.1520E+09  0.2590E+06  0.9911E+06
       3      293       23      292        0        0                         0.1802E+13  0.4001E+07  0.5399E+08  0.1257E+08  0.7283E+09  0.1234E+09  0.3705E+07  0.1477E+08
       5      294        3      293        0        0                         0.1824E+13  0.5896E+07  0.6278E+08  0.1893E+08  0.7656E+09  0.1258E+09  0.3705E+07  0.1477E+08
      11      295       55        0        0        0                   3p    0.0000E+00  0.0000E+00  0.0000E+00  0.0000E+00  0.0000E+00  0.0000E+00  0.0000E+00  0.0000E+00
       5      296      294      295        0        0                         0.1824E+13  0.5896E+07  0.6278E+08  0.1893E+08  0.7656E+09  0.1258E+09  0.3705E+07  0.1477E+08
       2      297        3      296        3        0                         0.1822E+13  0.5894E+07  0.6925E+08  0.1879E+08  0.7597E+09  0.1266E+09  0.1452E+07  0.5811E+07
      14      297        1        0        0        0                         0.1822E+13  0.5894E+07  0.6925E+08  0.1879E+08  0.7597E+09  0.1266E+09  0.1452E+07  0.5811E+07
